mode: set
github.com/zoobzio/astql/providers/minio/builder.go:14.41,15.25 1 1
github.com/zoobzio/astql/providers/minio/builder.go:15.25,17.3 1 1
github.com/zoobzio/astql/providers/minio/builder.go:19.2,21.24 3 1
github.com/zoobzio/astql/providers/minio/builder.go:26.66,27.25 1 1
github.com/zoobzio/astql/providers/minio/builder.go:27.25,29.3 1 0
github.com/zoobzio/astql/providers/minio/builder.go:30.2,31.10 2 1
github.com/zoobzio/astql/providers/minio/builder.go:36.64,37.25 1 1
github.com/zoobzio/astql/providers/minio/builder.go:37.25,39.3 1 0
github.com/zoobzio/astql/providers/minio/builder.go:40.2,41.10 2 1
github.com/zoobzio/astql/providers/minio/builder.go:45.41,52.2 3 1
github.com/zoobzio/astql/providers/minio/builder.go:55.41,62.2 3 1
github.com/zoobzio/astql/providers/minio/builder.go:65.41,72.2 3 1
github.com/zoobzio/astql/providers/minio/builder.go:75.41,82.2 3 1
github.com/zoobzio/astql/providers/minio/builder.go:85.40,92.2 3 1
github.com/zoobzio/astql/providers/minio/builder.go:95.41,102.2 3 1
github.com/zoobzio/astql/providers/minio/builder.go:105.43,112.2 3 1
github.com/zoobzio/astql/providers/minio/builder.go:115.71,118.2 2 1
github.com/zoobzio/astql/providers/minio/builder.go:121.65,124.2 2 1
github.com/zoobzio/astql/providers/minio/builder.go:127.70,130.2 2 1
github.com/zoobzio/astql/providers/minio/builder.go:133.58,136.2 2 1
github.com/zoobzio/astql/providers/minio/builder.go:139.45,142.2 2 1
github.com/zoobzio/astql/providers/minio/builder.go:145.47,148.2 2 1
github.com/zoobzio/astql/providers/minio/provider.go:17.30,21.2 1 1
github.com/zoobzio/astql/providers/minio/provider.go:24.72,26.2 1 1
github.com/zoobzio/astql/providers/minio/provider.go:38.65,39.39 1 1
github.com/zoobzio/astql/providers/minio/provider.go:39.39,41.3 1 0
github.com/zoobzio/astql/providers/minio/provider.go:44.2,45.13 2 1
github.com/zoobzio/astql/providers/minio/provider.go:45.13,47.3 1 0
github.com/zoobzio/astql/providers/minio/provider.go:48.2,54.23 4 1
github.com/zoobzio/astql/providers/minio/provider.go:55.22,56.36 1 1
github.com/zoobzio/astql/providers/minio/provider.go:57.22,58.36 1 1
github.com/zoobzio/astql/providers/minio/provider.go:59.22,60.36 1 0
github.com/zoobzio/astql/providers/minio/provider.go:61.22,62.36 1 1
github.com/zoobzio/astql/providers/minio/provider.go:63.21,64.35 1 1
github.com/zoobzio/astql/providers/minio/provider.go:65.22,66.36 1 1
github.com/zoobzio/astql/providers/minio/provider.go:67.22,68.89 1 1
github.com/zoobzio/astql/providers/minio/provider.go:69.24,70.38 1 0
github.com/zoobzio/astql/providers/minio/provider.go:71.10,72.79 1 0
github.com/zoobzio/astql/providers/minio/provider.go:75.2,75.16 1 1
github.com/zoobzio/astql/providers/minio/provider.go:75.16,77.3 1 1
github.com/zoobzio/astql/providers/minio/provider.go:80.2,91.8 2 1
github.com/zoobzio/astql/providers/minio/provider.go:94.69,97.28 2 1
github.com/zoobzio/astql/providers/minio/provider.go:97.28,99.17 2 1
github.com/zoobzio/astql/providers/minio/provider.go:99.17,101.4 1 1
github.com/zoobzio/astql/providers/minio/provider.go:102.3,102.44 1 1
github.com/zoobzio/astql/providers/minio/provider.go:105.2,111.8 1 1
github.com/zoobzio/astql/providers/minio/provider.go:114.69,115.26 1 1
github.com/zoobzio/astql/providers/minio/provider.go:115.26,117.3 1 0
github.com/zoobzio/astql/providers/minio/provider.go:120.2,120.25 1 1
github.com/zoobzio/astql/providers/minio/provider.go:120.25,122.3 1 0
github.com/zoobzio/astql/providers/minio/provider.go:124.2,128.16 3 1
github.com/zoobzio/astql/providers/minio/provider.go:128.16,130.3 1 0
github.com/zoobzio/astql/providers/minio/provider.go:133.2,134.37 2 1
github.com/zoobzio/astql/providers/minio/provider.go:134.37,135.44 1 1
github.com/zoobzio/astql/providers/minio/provider.go:135.44,137.22 1 1
github.com/zoobzio/astql/providers/minio/provider.go:138.24,139.57 1 1
github.com/zoobzio/astql/providers/minio/provider.go:140.25,141.58 1 0
github.com/zoobzio/astql/providers/minio/provider.go:142.28,143.61 1 0
github.com/zoobzio/astql/providers/minio/provider.go:144.31,145.64 1 0
github.com/zoobzio/astql/providers/minio/provider.go:146.12,149.84 1 1
github.com/zoobzio/astql/providers/minio/provider.go:154.2,160.8 1 1
github.com/zoobzio/astql/providers/minio/provider.go:163.69,166.27 1 0
github.com/zoobzio/astql/providers/minio/provider.go:166.27,168.3 1 0
github.com/zoobzio/astql/providers/minio/provider.go:171.2,172.16 2 0
github.com/zoobzio/astql/providers/minio/provider.go:172.16,174.3 1 0
github.com/zoobzio/astql/providers/minio/provider.go:177.2,178.40 2 0
github.com/zoobzio/astql/providers/minio/provider.go:178.40,179.21 1 0
github.com/zoobzio/astql/providers/minio/provider.go:180.23,181.56 1 0
github.com/zoobzio/astql/providers/minio/provider.go:182.24,183.57 1 0
github.com/zoobzio/astql/providers/minio/provider.go:184.11,185.83 1 0
github.com/zoobzio/astql/providers/minio/provider.go:189.2,195.8 1 0
github.com/zoobzio/astql/providers/minio/provider.go:198.69,201.16 2 1
github.com/zoobzio/astql/providers/minio/provider.go:201.16,203.3 1 0
github.com/zoobzio/astql/providers/minio/provider.go:205.2,209.8 1 1
github.com/zoobzio/astql/providers/minio/provider.go:212.68,215.28 2 1
github.com/zoobzio/astql/providers/minio/provider.go:215.28,217.17 2 0
github.com/zoobzio/astql/providers/minio/provider.go:217.17,219.4 1 0
github.com/zoobzio/astql/providers/minio/provider.go:220.3,220.44 1 0
github.com/zoobzio/astql/providers/minio/provider.go:223.2,230.8 1 1
github.com/zoobzio/astql/providers/minio/provider.go:233.67,238.29 2 1
github.com/zoobzio/astql/providers/minio/provider.go:238.29,240.38 2 1
github.com/zoobzio/astql/providers/minio/provider.go:240.38,242.4 1 1
github.com/zoobzio/astql/providers/minio/provider.go:243.3,243.26 1 1
github.com/zoobzio/astql/providers/minio/provider.go:247.2,247.38 1 1
github.com/zoobzio/astql/providers/minio/provider.go:247.38,249.3 1 1
github.com/zoobzio/astql/providers/minio/provider.go:251.2,255.8 1 1
github.com/zoobzio/astql/providers/minio/provider.go:258.69,263.2 1 0
github.com/zoobzio/astql/providers/minio/provider.go:266.55,267.28 1 1
github.com/zoobzio/astql/providers/minio/provider.go:267.28,269.3 1 0
github.com/zoobzio/astql/providers/minio/provider.go:272.2,273.9 2 1
github.com/zoobzio/astql/providers/minio/provider.go:273.9,275.3 1 0
github.com/zoobzio/astql/providers/minio/provider.go:277.2,277.48 1 1
github.com/zoobzio/astql/providers/minio/provider.go:277.48,279.3 1 0
github.com/zoobzio/astql/providers/minio/provider.go:281.2,281.31 1 1
github.com/zoobzio/astql/providers/minio/provider.go:281.31,283.3 1 0
github.com/zoobzio/astql/providers/minio/provider.go:286.2,288.17 2 1
github.com/zoobzio/astql/providers/minio/provider.go:292.58,294.9 2 1
github.com/zoobzio/astql/providers/minio/provider.go:294.9,296.3 1 1
github.com/zoobzio/astql/providers/minio/provider.go:298.2,298.48 1 1
github.com/zoobzio/astql/providers/minio/provider.go:298.48,300.3 1 0
github.com/zoobzio/astql/providers/minio/provider.go:302.2,302.33 1 1
github.com/zoobzio/astql/providers/minio/provider.go:302.33,305.3 1 1
github.com/zoobzio/astql/providers/minio/provider.go:307.2,307.31 1 0
github.com/zoobzio/astql/providers/minio/provider.go:307.31,310.3 1 0
github.com/zoobzio/astql/providers/minio/provider.go:312.2,312.74 1 0
github.com/zoobzio/astql/providers/minio/provider.go:316.101,319.35 2 1
github.com/zoobzio/astql/providers/minio/provider.go:319.35,320.44 1 1
github.com/zoobzio/astql/providers/minio/provider.go:320.44,322.9 2 1
github.com/zoobzio/astql/providers/minio/provider.go:326.2,326.20 1 1
github.com/zoobzio/astql/providers/minio/provider.go:326.20,328.3 1 0
github.com/zoobzio/astql/providers/minio/provider.go:331.2,333.17 2 1
github.com/zoobzio/astql/providers/minio/provider.go:337.50,338.18 1 1
github.com/zoobzio/astql/providers/minio/provider.go:338.18,340.3 1 1
github.com/zoobzio/astql/providers/minio/provider.go:341.2,341.18 1 1
github.com/zoobzio/astql/providers/minio/provider.go:341.18,343.3 1 0
github.com/zoobzio/astql/providers/minio/provider.go:345.2,345.80 1 1
github.com/zoobzio/astql/providers/minio/provider.go:349.50,352.18 2 1
github.com/zoobzio/astql/providers/minio/provider.go:352.18,354.3 1 1
github.com/zoobzio/astql/providers/minio/provider.go:357.2,357.28 1 1
github.com/zoobzio/astql/providers/minio/provider.go:357.28,359.3 1 1
github.com/zoobzio/astql/providers/minio/provider.go:361.2,361.28 1 1
github.com/zoobzio/astql/providers/minio/provider.go:361.28,363.3 1 1
github.com/zoobzio/astql/providers/minio/provider.go:365.2,365.33 1 1
github.com/zoobzio/astql/providers/minio/provider.go:369.47,373.28 2 1
github.com/zoobzio/astql/providers/minio/provider.go:373.28,374.56 1 1
github.com/zoobzio/astql/providers/minio/provider.go:374.56,376.4 1 1
github.com/zoobzio/astql/providers/minio/provider.go:380.2,380.38 1 1
github.com/zoobzio/astql/providers/minio/provider.go:380.38,381.34 1 1
github.com/zoobzio/astql/providers/minio/provider.go:381.34,383.4 1 1
github.com/zoobzio/astql/providers/minio/provider.go:387.2,387.36 1 1
github.com/zoobzio/astql/providers/minio/provider.go:387.36,389.3 1 0
github.com/zoobzio/astql/providers/minio/provider.go:392.2,392.29 1 1
github.com/zoobzio/astql/providers/minio/provider.go:392.29,394.3 1 1
github.com/zoobzio/astql/providers/minio/provider.go:397.2,398.28 2 1
github.com/zoobzio/astql/providers/minio/provider.go:398.28,400.3 1 1
github.com/zoobzio/astql/providers/minio/provider.go:402.2,402.15 1 1
github.com/zoobzio/astql/providers/minio/schema.go:32.57,33.28 1 1
github.com/zoobzio/astql/providers/minio/schema.go:33.28,35.3 1 0
github.com/zoobzio/astql/providers/minio/schema.go:36.2,36.24 1 1
github.com/zoobzio/astql/providers/minio/schema.go:36.24,38.3 1 0
github.com/zoobzio/astql/providers/minio/schema.go:41.2,42.16 2 1
github.com/zoobzio/astql/providers/minio/schema.go:42.16,44.3 1 0
github.com/zoobzio/astql/providers/minio/schema.go:47.2,48.26 2 1
github.com/zoobzio/astql/providers/minio/schema.go:49.26,50.26 1 1
github.com/zoobzio/astql/providers/minio/schema.go:51.26,52.26 1 1
github.com/zoobzio/astql/providers/minio/schema.go:53.26,54.26 1 0
github.com/zoobzio/astql/providers/minio/schema.go:55.26,56.26 1 0
github.com/zoobzio/astql/providers/minio/schema.go:57.24,58.25 1 0
github.com/zoobzio/astql/providers/minio/schema.go:59.26,60.26 1 1
github.com/zoobzio/astql/providers/minio/schema.go:61.30,62.28 1 0
github.com/zoobzio/astql/providers/minio/schema.go:63.10,64.72 1 0
github.com/zoobzio/astql/providers/minio/schema.go:68.2,68.66 1 1
github.com/zoobzio/astql/providers/minio/schema.go:68.66,69.29 1 1
github.com/zoobzio/astql/providers/minio/schema.go:69.29,71.36 2 0
github.com/zoobzio/astql/providers/minio/schema.go:71.36,73.19 2 0
github.com/zoobzio/astql/providers/minio/schema.go:73.19,75.6 1 0
github.com/zoobzio/astql/providers/minio/schema.go:76.5,76.22 1 0
github.com/zoobzio/astql/providers/minio/schema.go:78.4,78.39 1 0
github.com/zoobzio/astql/providers/minio/schema.go:83.2,83.25 1 1
github.com/zoobzio/astql/providers/minio/schema.go:83.25,85.17 2 1
github.com/zoobzio/astql/providers/minio/schema.go:85.17,87.4 1 1
github.com/zoobzio/astql/providers/minio/schema.go:88.3,88.37 1 1
github.com/zoobzio/astql/providers/minio/schema.go:92.2,92.25 1 1
github.com/zoobzio/astql/providers/minio/schema.go:92.25,94.3 1 0
github.com/zoobzio/astql/providers/minio/schema.go:95.2,95.26 1 1
github.com/zoobzio/astql/providers/minio/schema.go:95.26,97.3 1 0
github.com/zoobzio/astql/providers/minio/schema.go:100.2,100.26 1 1
github.com/zoobzio/astql/providers/minio/schema.go:101.26,102.31 1 0
github.com/zoobzio/astql/providers/minio/schema.go:102.31,104.4 1 0
github.com/zoobzio/astql/providers/minio/schema.go:105.3,105.44 1 0
github.com/zoobzio/astql/providers/minio/schema.go:105.44,107.18 2 0
github.com/zoobzio/astql/providers/minio/schema.go:107.18,109.5 1 0
github.com/zoobzio/astql/providers/minio/schema.go:110.4,110.44 1 0
github.com/zoobzio/astql/providers/minio/schema.go:113.26,114.30 1 1
github.com/zoobzio/astql/providers/minio/schema.go:114.30,116.4 1 0
github.com/zoobzio/astql/providers/minio/schema.go:117.3,117.42 1 1
github.com/zoobzio/astql/providers/minio/schema.go:117.42,119.39 2 1
github.com/zoobzio/astql/providers/minio/schema.go:119.39,121.19 2 1
github.com/zoobzio/astql/providers/minio/schema.go:121.19,123.6 1 1
github.com/zoobzio/astql/providers/minio/schema.go:124.5,124.31 1 1
github.com/zoobzio/astql/providers/minio/schema.go:126.4,126.36 1 1
github.com/zoobzio/astql/providers/minio/schema.go:131.2,131.31 1 1
github.com/zoobzio/astql/providers/minio/schema.go:131.31,133.3 1 1
github.com/zoobzio/astql/providers/minio/schema.go:135.2,135.98 1 1
github.com/zoobzio/astql/providers/minio/schema.go:135.98,138.41 2 1
github.com/zoobzio/astql/providers/minio/schema.go:138.41,140.18 2 1
github.com/zoobzio/astql/providers/minio/schema.go:140.18,142.5 1 1
github.com/zoobzio/astql/providers/minio/schema.go:143.4,143.38 1 1
github.com/zoobzio/astql/providers/minio/schema.go:145.3,145.46 1 1
github.com/zoobzio/astql/providers/minio/schema.go:148.2,148.24 1 1
github.com/zoobzio/astql/providers/minio/schema.go:152.85,153.24 1 1
github.com/zoobzio/astql/providers/minio/schema.go:153.24,155.3 1 0
github.com/zoobzio/astql/providers/minio/schema.go:156.2,156.27 1 1
github.com/zoobzio/astql/providers/minio/schema.go:156.27,158.3 1 0
github.com/zoobzio/astql/providers/minio/schema.go:159.2,159.24 1 1
github.com/zoobzio/astql/providers/minio/schema.go:159.24,161.3 1 0
github.com/zoobzio/astql/providers/minio/schema.go:163.2,164.16 2 1
github.com/zoobzio/astql/providers/minio/schema.go:164.16,166.3 1 0
github.com/zoobzio/astql/providers/minio/schema.go:169.2,170.16 2 1
github.com/zoobzio/astql/providers/minio/schema.go:170.16,172.3 1 1
github.com/zoobzio/astql/providers/minio/schema.go:174.2,174.55 1 1
github.com/zoobzio/astql/providers/minio/schema.go:178.58,179.15 1 1
github.com/zoobzio/astql/providers/minio/schema.go:180.23,181.23 1 0
github.com/zoobzio/astql/providers/minio/schema.go:182.22,183.25 1 1
github.com/zoobzio/astql/providers/minio/schema.go:184.10,185.68 1 1
github.com/zoobzio/astql/providers/minio/schema.go:190.52,206.40 2 1
github.com/zoobzio/astql/providers/minio/schema.go:206.40,208.3 1 1
github.com/zoobzio/astql/providers/minio/schema.go:210.2,210.77 1 1
github.com/zoobzio/astql/providers/minio/types.go:67.43,71.2 1 1
github.com/zoobzio/astql/providers/minio/types.go:74.34,76.48 1 1
github.com/zoobzio/astql/providers/minio/types.go:76.48,78.3 1 0
github.com/zoobzio/astql/providers/minio/types.go:82.2,82.12 1 1
github.com/zoobzio/astql/providers/opensearch/builder.go:14.41,15.25 1 1
github.com/zoobzio/astql/providers/opensearch/builder.go:15.25,17.3 1 1
github.com/zoobzio/astql/providers/opensearch/builder.go:19.2,21.21 3 1
github.com/zoobzio/astql/providers/opensearch/builder.go:25.65,26.25 1 1
github.com/zoobzio/astql/providers/opensearch/builder.go:26.25,28.3 1 1
github.com/zoobzio/astql/providers/opensearch/builder.go:29.2,30.10 2 1
github.com/zoobzio/astql/providers/opensearch/builder.go:34.70,35.25 1 1
github.com/zoobzio/astql/providers/opensearch/builder.go:35.25,37.3 1 0
github.com/zoobzio/astql/providers/opensearch/builder.go:38.2,39.10 2 1
github.com/zoobzio/astql/providers/opensearch/builder.go:43.70,44.25 1 1
github.com/zoobzio/astql/providers/opensearch/builder.go:44.25,46.3 1 0
github.com/zoobzio/astql/providers/opensearch/builder.go:47.2,48.10 2 1
github.com/zoobzio/astql/providers/opensearch/builder.go:52.56,53.25 1 1
github.com/zoobzio/astql/providers/opensearch/builder.go:53.25,55.3 1 1
github.com/zoobzio/astql/providers/opensearch/builder.go:56.2,57.10 2 1
github.com/zoobzio/astql/providers/opensearch/builder.go:61.64,62.25 1 1
github.com/zoobzio/astql/providers/opensearch/builder.go:62.25,64.3 1 0
github.com/zoobzio/astql/providers/opensearch/builder.go:65.2,66.10 2 1
github.com/zoobzio/astql/providers/opensearch/builder.go:70.41,77.2 3 1
github.com/zoobzio/astql/providers/opensearch/builder.go:80.41,87.2 3 1
github.com/zoobzio/astql/providers/opensearch/builder.go:90.41,97.2 3 1
github.com/zoobzio/astql/providers/opensearch/builder.go:100.41,107.2 3 1
github.com/zoobzio/astql/providers/opensearch/builder.go:110.40,117.2 3 1
github.com/zoobzio/astql/providers/opensearch/builder.go:120.41,122.2 1 1
github.com/zoobzio/astql/providers/opensearch/builder.go:125.71,128.2 2 1
github.com/zoobzio/astql/providers/opensearch/builder.go:131.65,134.2 2 1
github.com/zoobzio/astql/providers/opensearch/builder.go:137.70,140.2 2 1
github.com/zoobzio/astql/providers/opensearch/builder.go:143.58,146.2 2 1
github.com/zoobzio/astql/providers/opensearch/builder.go:149.82,152.2 2 1
github.com/zoobzio/astql/providers/opensearch/builder.go:155.45,158.2 2 1
github.com/zoobzio/astql/providers/opensearch/builder.go:161.47,164.2 2 1
github.com/zoobzio/astql/providers/opensearch/provider.go:18.30,22.2 1 1
github.com/zoobzio/astql/providers/opensearch/provider.go:25.72,27.2 1 1
github.com/zoobzio/astql/providers/opensearch/provider.go:45.65,46.39 1 1
github.com/zoobzio/astql/providers/opensearch/provider.go:46.39,48.3 1 1
github.com/zoobzio/astql/providers/opensearch/provider.go:51.2,52.13 2 1
github.com/zoobzio/astql/providers/opensearch/provider.go:52.13,54.3 1 0
github.com/zoobzio/astql/providers/opensearch/provider.go:55.2,61.23 4 1
github.com/zoobzio/astql/providers/opensearch/provider.go:62.22,63.36 1 1
github.com/zoobzio/astql/providers/opensearch/provider.go:64.22,65.36 1 1
github.com/zoobzio/astql/providers/opensearch/provider.go:66.22,67.36 1 1
github.com/zoobzio/astql/providers/opensearch/provider.go:68.22,69.36 1 1
github.com/zoobzio/astql/providers/opensearch/provider.go:70.21,71.35 1 1
github.com/zoobzio/astql/providers/opensearch/provider.go:72.10,73.84 1 0
github.com/zoobzio/astql/providers/opensearch/provider.go:76.2,76.16 1 1
github.com/zoobzio/astql/providers/opensearch/provider.go:76.16,78.3 1 0
github.com/zoobzio/astql/providers/opensearch/provider.go:81.2,92.8 2 1
github.com/zoobzio/astql/providers/opensearch/provider.go:95.65,102.28 2 1
github.com/zoobzio/astql/providers/opensearch/provider.go:102.28,104.17 2 1
github.com/zoobzio/astql/providers/opensearch/provider.go:104.17,106.4 1 0
github.com/zoobzio/astql/providers/opensearch/provider.go:107.3,107.56 1 1
github.com/zoobzio/astql/providers/opensearch/provider.go:108.8,115.3 1 1
github.com/zoobzio/astql/providers/opensearch/provider.go:118.2,118.27 1 1
github.com/zoobzio/astql/providers/opensearch/provider.go:118.27,120.42 2 1
github.com/zoobzio/astql/providers/opensearch/provider.go:120.42,127.4 2 1
github.com/zoobzio/astql/providers/opensearch/provider.go:128.3,128.21 1 1
github.com/zoobzio/astql/providers/opensearch/provider.go:132.2,132.23 1 1
github.com/zoobzio/astql/providers/opensearch/provider.go:132.23,134.3 1 1
github.com/zoobzio/astql/providers/opensearch/provider.go:135.2,135.22 1 1
github.com/zoobzio/astql/providers/opensearch/provider.go:135.22,137.3 1 1
github.com/zoobzio/astql/providers/opensearch/provider.go:140.2,140.25 1 1
github.com/zoobzio/astql/providers/opensearch/provider.go:140.25,142.36 2 1
github.com/zoobzio/astql/providers/opensearch/provider.go:142.36,144.4 1 1
github.com/zoobzio/astql/providers/opensearch/provider.go:145.3,145.25 1 1
github.com/zoobzio/astql/providers/opensearch/provider.go:146.8,146.71 1 1
github.com/zoobzio/astql/providers/opensearch/provider.go:146.71,148.34 2 1
github.com/zoobzio/astql/providers/opensearch/provider.go:148.34,150.45 2 1
github.com/zoobzio/astql/providers/opensearch/provider.go:150.45,152.5 1 1
github.com/zoobzio/astql/providers/opensearch/provider.go:153.4,153.33 1 1
github.com/zoobzio/astql/providers/opensearch/provider.go:155.3,155.34 1 1
github.com/zoobzio/astql/providers/opensearch/provider.go:155.34,157.45 2 1
github.com/zoobzio/astql/providers/opensearch/provider.go:157.45,159.5 1 1
github.com/zoobzio/astql/providers/opensearch/provider.go:160.4,160.33 1 1
github.com/zoobzio/astql/providers/opensearch/provider.go:162.3,162.25 1 1
github.com/zoobzio/astql/providers/opensearch/provider.go:166.2,166.28 1 1
github.com/zoobzio/astql/providers/opensearch/provider.go:166.28,170.39 2 1
github.com/zoobzio/astql/providers/opensearch/provider.go:170.39,173.4 2 1
github.com/zoobzio/astql/providers/opensearch/provider.go:174.3,174.31 1 1
github.com/zoobzio/astql/providers/opensearch/provider.go:178.2,178.25 1 1
github.com/zoobzio/astql/providers/opensearch/provider.go:178.25,180.3 1 1
github.com/zoobzio/astql/providers/opensearch/provider.go:182.2,182.20 1 1
github.com/zoobzio/astql/providers/opensearch/provider.go:185.63,186.26 1 1
github.com/zoobzio/astql/providers/opensearch/provider.go:186.26,188.3 1 0
github.com/zoobzio/astql/providers/opensearch/provider.go:191.2,191.25 1 1
github.com/zoobzio/astql/providers/opensearch/provider.go:191.25,193.3 1 0
github.com/zoobzio/astql/providers/opensearch/provider.go:195.2,199.35 3 1
github.com/zoobzio/astql/providers/opensearch/provider.go:199.35,200.38 1 1
github.com/zoobzio/astql/providers/opensearch/provider.go:200.38,201.45 1 1
github.com/zoobzio/astql/providers/opensearch/provider.go:201.45,203.10 2 1
github.com/zoobzio/astql/providers/opensearch/provider.go:209.2,210.37 2 1
github.com/zoobzio/astql/providers/opensearch/provider.go:210.37,211.44 1 1
github.com/zoobzio/astql/providers/opensearch/provider.go:211.44,213.4 1 1
github.com/zoobzio/astql/providers/opensearch/provider.go:216.2,224.17 2 1
github.com/zoobzio/astql/providers/opensearch/provider.go:224.17,226.3 1 1
github.com/zoobzio/astql/providers/opensearch/provider.go:228.2,228.20 1 1
github.com/zoobzio/astql/providers/opensearch/provider.go:231.65,232.27 1 1
github.com/zoobzio/astql/providers/opensearch/provider.go:232.27,234.3 1 0
github.com/zoobzio/astql/providers/opensearch/provider.go:237.2,238.40 2 1
github.com/zoobzio/astql/providers/opensearch/provider.go:238.40,240.3 1 1
github.com/zoobzio/astql/providers/opensearch/provider.go:243.2,243.28 1 1
github.com/zoobzio/astql/providers/opensearch/provider.go:243.28,246.17 2 1
github.com/zoobzio/astql/providers/opensearch/provider.go:246.17,248.4 1 0
github.com/zoobzio/astql/providers/opensearch/provider.go:250.3,262.21 2 1
github.com/zoobzio/astql/providers/opensearch/provider.go:265.2,265.56 1 0
github.com/zoobzio/astql/providers/opensearch/provider.go:268.65,269.28 1 1
github.com/zoobzio/astql/providers/opensearch/provider.go:269.28,271.3 1 0
github.com/zoobzio/astql/providers/opensearch/provider.go:274.2,275.31 2 1
github.com/zoobzio/astql/providers/opensearch/provider.go:275.31,283.3 2 1
github.com/zoobzio/astql/providers/opensearch/provider.go:286.2,287.16 2 1
github.com/zoobzio/astql/providers/opensearch/provider.go:287.16,289.3 1 0
github.com/zoobzio/astql/providers/opensearch/provider.go:291.2,300.20 2 1
github.com/zoobzio/astql/providers/opensearch/provider.go:303.64,310.28 2 1
github.com/zoobzio/astql/providers/opensearch/provider.go:310.28,312.17 2 1
github.com/zoobzio/astql/providers/opensearch/provider.go:312.17,314.4 1 0
github.com/zoobzio/astql/providers/opensearch/provider.go:315.3,315.56 1 1
github.com/zoobzio/astql/providers/opensearch/provider.go:316.8,323.3 1 0
github.com/zoobzio/astql/providers/opensearch/provider.go:325.2,325.20 1 1
github.com/zoobzio/astql/providers/opensearch/provider.go:329.90,330.30 1 1
github.com/zoobzio/astql/providers/opensearch/provider.go:331.23,332.34 1 1
github.com/zoobzio/astql/providers/opensearch/provider.go:333.28,334.32 1 1
github.com/zoobzio/astql/providers/opensearch/provider.go:335.10,336.55 1 0
github.com/zoobzio/astql/providers/opensearch/provider.go:341.89,346.71 3 1
github.com/zoobzio/astql/providers/opensearch/provider.go:346.71,348.3 1 1
github.com/zoobzio/astql/providers/opensearch/provider.go:350.2,350.23 1 1
github.com/zoobzio/astql/providers/opensearch/provider.go:351.16,357.9 1 1
github.com/zoobzio/astql/providers/opensearch/provider.go:359.16,369.9 1 0
github.com/zoobzio/astql/providers/opensearch/provider.go:371.18,377.9 1 1
github.com/zoobzio/astql/providers/opensearch/provider.go:379.46,393.9 2 1
github.com/zoobzio/astql/providers/opensearch/provider.go:395.16,401.9 1 1
github.com/zoobzio/astql/providers/opensearch/provider.go:403.20,413.9 1 1
github.com/zoobzio/astql/providers/opensearch/provider.go:415.23,421.9 1 0
github.com/zoobzio/astql/providers/opensearch/provider.go:423.10,424.83 1 0
github.com/zoobzio/astql/providers/opensearch/provider.go:429.95,433.29 3 1
github.com/zoobzio/astql/providers/opensearch/provider.go:433.29,435.3 1 1
github.com/zoobzio/astql/providers/opensearch/provider.go:437.2,438.40 2 1
github.com/zoobzio/astql/providers/opensearch/provider.go:438.40,440.17 2 1
github.com/zoobzio/astql/providers/opensearch/provider.go:440.17,442.4 1 0
github.com/zoobzio/astql/providers/opensearch/provider.go:443.3,443.36 1 1
github.com/zoobzio/astql/providers/opensearch/provider.go:446.2,449.29 2 1
github.com/zoobzio/astql/providers/opensearch/provider.go:449.29,451.3 1 1
github.com/zoobzio/astql/providers/opensearch/provider.go:453.2,453.55 1 1
github.com/zoobzio/astql/providers/opensearch/provider.go:457.62,458.28 1 1
github.com/zoobzio/astql/providers/opensearch/provider.go:458.28,460.3 1 0
github.com/zoobzio/astql/providers/opensearch/provider.go:462.2,463.9 2 1
github.com/zoobzio/astql/providers/opensearch/provider.go:463.9,465.3 1 0
github.com/zoobzio/astql/providers/opensearch/provider.go:467.2,467.48 1 1
github.com/zoobzio/astql/providers/opensearch/provider.go:467.48,469.3 1 1
github.com/zoobzio/astql/providers/opensearch/provider.go:471.2,471.31 1 1
github.com/zoobzio/astql/providers/opensearch/provider.go:471.31,473.3 1 0
github.com/zoobzio/astql/providers/opensearch/provider.go:475.2,475.49 1 1
github.com/zoobzio/astql/providers/opensearch/provider.go:479.63,481.29 2 1
github.com/zoobzio/astql/providers/opensearch/provider.go:481.29,483.3 1 1
github.com/zoobzio/astql/providers/opensearch/provider.go:484.2,484.34 1 1
github.com/zoobzio/astql/providers/opensearch/provider.go:488.41,492.20 2 1
github.com/zoobzio/astql/providers/opensearch/provider.go:492.20,494.3 1 1
github.com/zoobzio/astql/providers/opensearch/provider.go:495.2,495.23 1 1
github.com/zoobzio/astql/providers/opensearch/provider.go:495.23,497.3 1 1
github.com/zoobzio/astql/providers/opensearch/provider.go:498.2,498.19 1 1
github.com/zoobzio/astql/providers/opensearch/provider.go:498.19,500.3 1 1
github.com/zoobzio/astql/providers/opensearch/provider.go:501.2,501.19 1 1
github.com/zoobzio/astql/providers/opensearch/provider.go:501.19,503.3 1 1
github.com/zoobzio/astql/providers/opensearch/provider.go:504.2,504.19 1 1
github.com/zoobzio/astql/providers/opensearch/provider.go:504.19,506.3 1 1
github.com/zoobzio/astql/providers/opensearch/provider.go:508.2,508.33 1 1
github.com/zoobzio/astql/providers/opensearch/provider.go:512.47,519.38 3 1
github.com/zoobzio/astql/providers/opensearch/provider.go:519.38,520.34 1 1
github.com/zoobzio/astql/providers/opensearch/provider.go:520.34,522.4 1 1
github.com/zoobzio/astql/providers/opensearch/provider.go:526.2,526.36 1 1
github.com/zoobzio/astql/providers/opensearch/provider.go:526.36,528.3 1 1
github.com/zoobzio/astql/providers/opensearch/provider.go:531.2,532.28 2 1
github.com/zoobzio/astql/providers/opensearch/provider.go:532.28,534.3 1 1
github.com/zoobzio/astql/providers/opensearch/provider.go:536.2,536.15 1 1
github.com/zoobzio/astql/providers/opensearch/provider.go:540.83,541.17 1 1
github.com/zoobzio/astql/providers/opensearch/provider.go:541.17,543.3 1 1
github.com/zoobzio/astql/providers/opensearch/provider.go:545.2,545.26 1 1
github.com/zoobzio/astql/providers/opensearch/provider.go:546.23,548.66 1 1
github.com/zoobzio/astql/providers/opensearch/provider.go:548.66,550.4 1 1
github.com/zoobzio/astql/providers/opensearch/provider.go:551.28,552.40 1 1
github.com/zoobzio/astql/providers/opensearch/provider.go:552.40,554.4 1 1
github.com/zoobzio/astql/providers/opensearch/schema.go:16.56,18.2 1 1
github.com/zoobzio/astql/providers/opensearch/schema.go:21.80,24.16 2 1
github.com/zoobzio/astql/providers/opensearch/schema.go:24.16,26.3 1 1
github.com/zoobzio/astql/providers/opensearch/schema.go:29.2,30.16 2 1
github.com/zoobzio/astql/providers/opensearch/schema.go:30.16,32.3 1 0
github.com/zoobzio/astql/providers/opensearch/schema.go:35.2,37.19 2 1
github.com/zoobzio/astql/providers/opensearch/schema.go:38.26,39.26 1 1
github.com/zoobzio/astql/providers/opensearch/schema.go:40.25,41.26 1 1
github.com/zoobzio/astql/providers/opensearch/schema.go:42.16,43.26 1 1
github.com/zoobzio/astql/providers/opensearch/schema.go:44.16,45.26 1 1
github.com/zoobzio/astql/providers/opensearch/schema.go:46.15,47.25 1 1
github.com/zoobzio/astql/providers/opensearch/schema.go:48.10,49.65 1 0
github.com/zoobzio/astql/providers/opensearch/schema.go:53.2,53.65 1 1
github.com/zoobzio/astql/providers/opensearch/schema.go:53.65,55.3 1 1
github.com/zoobzio/astql/providers/opensearch/schema.go:57.2,57.24 1 1
github.com/zoobzio/astql/providers/opensearch/schema.go:61.101,63.46 1 1
github.com/zoobzio/astql/providers/opensearch/schema.go:63.46,65.17 2 1
github.com/zoobzio/astql/providers/opensearch/schema.go:65.17,67.4 1 1
github.com/zoobzio/astql/providers/opensearch/schema.go:68.3,68.27 1 1
github.com/zoobzio/astql/providers/opensearch/schema.go:72.2,72.48 1 1
github.com/zoobzio/astql/providers/opensearch/schema.go:72.48,74.17 2 1
github.com/zoobzio/astql/providers/opensearch/schema.go:74.17,76.4 1 0
github.com/zoobzio/astql/providers/opensearch/schema.go:77.3,77.27 1 1
github.com/zoobzio/astql/providers/opensearch/schema.go:81.2,81.42 1 1
github.com/zoobzio/astql/providers/opensearch/schema.go:81.42,83.10 2 1
github.com/zoobzio/astql/providers/opensearch/schema.go:83.10,85.4 1 0
github.com/zoobzio/astql/providers/opensearch/schema.go:86.3,86.42 1 1
github.com/zoobzio/astql/providers/opensearch/schema.go:86.42,88.11 2 1
github.com/zoobzio/astql/providers/opensearch/schema.go:88.11,90.5 1 0
github.com/zoobzio/astql/providers/opensearch/schema.go:91.4,91.50 1 1
github.com/zoobzio/astql/providers/opensearch/schema.go:96.2,96.48 1 1
github.com/zoobzio/astql/providers/opensearch/schema.go:96.48,98.17 2 1
github.com/zoobzio/astql/providers/opensearch/schema.go:98.17,100.4 1 0
github.com/zoobzio/astql/providers/opensearch/schema.go:101.3,101.31 1 1
github.com/zoobzio/astql/providers/opensearch/schema.go:105.2,105.51 1 1
github.com/zoobzio/astql/providers/opensearch/schema.go:105.51,106.59 1 1
github.com/zoobzio/astql/providers/opensearch/schema.go:106.59,108.4 1 0
github.com/zoobzio/astql/providers/opensearch/schema.go:112.2,112.46 1 1
github.com/zoobzio/astql/providers/opensearch/schema.go:112.46,114.10 2 1
github.com/zoobzio/astql/providers/opensearch/schema.go:114.10,116.4 1 0
github.com/zoobzio/astql/providers/opensearch/schema.go:117.3,117.26 1 1
github.com/zoobzio/astql/providers/opensearch/schema.go:121.2,121.48 1 1
github.com/zoobzio/astql/providers/opensearch/schema.go:121.48,123.10 2 0
github.com/zoobzio/astql/providers/opensearch/schema.go:123.10,125.4 1 0
github.com/zoobzio/astql/providers/opensearch/schema.go:126.3,126.28 1 0
github.com/zoobzio/astql/providers/opensearch/schema.go:130.2,130.52 1 1
github.com/zoobzio/astql/providers/opensearch/schema.go:134.104,136.54 1 1
github.com/zoobzio/astql/providers/opensearch/schema.go:136.54,138.17 2 1
github.com/zoobzio/astql/providers/opensearch/schema.go:138.17,140.4 1 0
github.com/zoobzio/astql/providers/opensearch/schema.go:141.3,141.35 1 1
github.com/zoobzio/astql/providers/opensearch/schema.go:145.2,145.59 1 1
github.com/zoobzio/astql/providers/opensearch/schema.go:145.59,147.17 2 0
github.com/zoobzio/astql/providers/opensearch/schema.go:147.17,149.4 1 0
github.com/zoobzio/astql/providers/opensearch/schema.go:150.3,150.40 1 0
github.com/zoobzio/astql/providers/opensearch/schema.go:153.2,153.59 1 1
github.com/zoobzio/astql/providers/opensearch/schema.go:153.59,155.17 2 1
github.com/zoobzio/astql/providers/opensearch/schema.go:155.17,157.4 1 0
github.com/zoobzio/astql/providers/opensearch/schema.go:158.3,158.40 1 1
github.com/zoobzio/astql/providers/opensearch/schema.go:162.2,162.53 1 1
github.com/zoobzio/astql/providers/opensearch/schema.go:162.53,164.10 2 1
github.com/zoobzio/astql/providers/opensearch/schema.go:164.10,166.4 1 0
github.com/zoobzio/astql/providers/opensearch/schema.go:167.3,167.30 1 1
github.com/zoobzio/astql/providers/opensearch/schema.go:171.2,171.52 1 1
github.com/zoobzio/astql/providers/opensearch/schema.go:171.52,173.10 2 1
github.com/zoobzio/astql/providers/opensearch/schema.go:173.10,175.4 1 0
github.com/zoobzio/astql/providers/opensearch/schema.go:176.3,177.37 2 1
github.com/zoobzio/astql/providers/opensearch/schema.go:180.2,180.12 1 1
github.com/zoobzio/astql/providers/opensearch/schema.go:184.92,185.34 1 1
github.com/zoobzio/astql/providers/opensearch/schema.go:186.30,188.41 1 1
github.com/zoobzio/astql/providers/opensearch/schema.go:188.41,190.4 1 1
github.com/zoobzio/astql/providers/opensearch/schema.go:191.3,191.39 1 1
github.com/zoobzio/astql/providers/opensearch/schema.go:191.39,193.4 1 1
github.com/zoobzio/astql/providers/opensearch/schema.go:196.3,196.39 1 1
github.com/zoobzio/astql/providers/opensearch/schema.go:198.10,199.56 1 1
github.com/zoobzio/astql/providers/opensearch/schema.go:204.121,206.9 2 1
github.com/zoobzio/astql/providers/opensearch/schema.go:206.9,208.3 1 0
github.com/zoobzio/astql/providers/opensearch/schema.go:210.2,211.29 2 1
github.com/zoobzio/astql/providers/opensearch/schema.go:211.29,213.17 2 1
github.com/zoobzio/astql/providers/opensearch/schema.go:213.17,215.4 1 0
github.com/zoobzio/astql/providers/opensearch/schema.go:216.3,216.30 1 1
github.com/zoobzio/astql/providers/opensearch/schema.go:219.2,219.21 1 1
github.com/zoobzio/astql/providers/opensearch/schema.go:219.21,221.3 1 1
github.com/zoobzio/astql/providers/opensearch/schema.go:222.2,222.32 1 1
github.com/zoobzio/astql/providers/opensearch/schema.go:226.97,228.13 2 1
github.com/zoobzio/astql/providers/opensearch/schema.go:228.13,230.3 1 0
github.com/zoobzio/astql/providers/opensearch/schema.go:232.2,233.13 2 1
github.com/zoobzio/astql/providers/opensearch/schema.go:233.13,235.3 1 0
github.com/zoobzio/astql/providers/opensearch/schema.go:237.2,238.13 2 1
github.com/zoobzio/astql/providers/opensearch/schema.go:238.13,240.3 1 0
github.com/zoobzio/astql/providers/opensearch/schema.go:242.2,243.9 2 1
github.com/zoobzio/astql/providers/opensearch/schema.go:243.9,245.3 1 0
github.com/zoobzio/astql/providers/opensearch/schema.go:247.2,248.9 2 1
github.com/zoobzio/astql/providers/opensearch/schema.go:248.9,250.3 1 0
github.com/zoobzio/astql/providers/opensearch/schema.go:252.2,253.9 2 1
github.com/zoobzio/astql/providers/opensearch/schema.go:253.9,255.3 1 0
github.com/zoobzio/astql/providers/opensearch/schema.go:257.2,258.63 2 1
github.com/zoobzio/astql/providers/opensearch/schema.go:262.91,264.9 2 1
github.com/zoobzio/astql/providers/opensearch/schema.go:264.9,266.3 1 0
github.com/zoobzio/astql/providers/opensearch/schema.go:268.2,269.41 2 1
github.com/zoobzio/astql/providers/opensearch/schema.go:269.41,271.10 2 1
github.com/zoobzio/astql/providers/opensearch/schema.go:271.10,273.4 1 0
github.com/zoobzio/astql/providers/opensearch/schema.go:274.3,274.45 1 1
github.com/zoobzio/astql/providers/opensearch/schema.go:277.2,277.20 1 1
github.com/zoobzio/astql/providers/opensearch/schema.go:281.77,282.28 1 1
github.com/zoobzio/astql/providers/opensearch/schema.go:283.21,285.27 2 1
github.com/zoobzio/astql/providers/opensearch/schema.go:285.27,287.11 2 1
github.com/zoobzio/astql/providers/opensearch/schema.go:287.11,289.5 1 0
github.com/zoobzio/astql/providers/opensearch/schema.go:290.4,290.46 1 1
github.com/zoobzio/astql/providers/opensearch/schema.go:292.3,292.21 1 1
github.com/zoobzio/astql/providers/opensearch/schema.go:294.14,296.40 1 0
github.com/zoobzio/astql/providers/opensearch/schema.go:298.10,299.59 1 0
github.com/zoobzio/astql/providers/opensearch/schema.go:304.83,305.30 1 1
github.com/zoobzio/astql/providers/opensearch/schema.go:306.30,307.36 1 1
github.com/zoobzio/astql/providers/opensearch/schema.go:307.36,309.11 2 1
github.com/zoobzio/astql/providers/opensearch/schema.go:309.11,311.5 1 0
github.com/zoobzio/astql/providers/opensearch/schema.go:312.4,313.49 2 1
github.com/zoobzio/astql/providers/opensearch/schema.go:315.3,315.13 1 1
github.com/zoobzio/astql/providers/opensearch/schema.go:317.21,318.27 1 1
github.com/zoobzio/astql/providers/opensearch/schema.go:318.27,320.11 2 1
github.com/zoobzio/astql/providers/opensearch/schema.go:320.11,322.5 1 0
github.com/zoobzio/astql/providers/opensearch/schema.go:323.4,323.60 1 1
github.com/zoobzio/astql/providers/opensearch/schema.go:323.60,325.5 1 0
github.com/zoobzio/astql/providers/opensearch/schema.go:327.3,327.13 1 1
github.com/zoobzio/astql/providers/opensearch/schema.go:329.10,330.56 1 0
github.com/zoobzio/astql/providers/opensearch/schema.go:336.70,338.13 2 1
github.com/zoobzio/astql/providers/opensearch/schema.go:338.13,340.3 1 1
github.com/zoobzio/astql/providers/opensearch/schema.go:341.2,342.9 2 1
github.com/zoobzio/astql/providers/opensearch/schema.go:342.9,344.3 1 0
github.com/zoobzio/astql/providers/opensearch/schema.go:345.2,345.36 1 1
github.com/zoobzio/astql/providers/opensearch/schema.go:348.71,350.13 2 1
github.com/zoobzio/astql/providers/opensearch/schema.go:350.13,352.3 1 0
github.com/zoobzio/astql/providers/opensearch/schema.go:353.2,354.9 2 1
github.com/zoobzio/astql/providers/opensearch/schema.go:354.9,356.3 1 0
github.com/zoobzio/astql/providers/opensearch/schema.go:357.2,357.31 1 1
github.com/zoobzio/astql/providers/opensearch/schema.go:360.46,361.29 1 1
github.com/zoobzio/astql/providers/opensearch/schema.go:362.27,363.18 1 1
github.com/zoobzio/astql/providers/opensearch/schema.go:364.38,365.18 1 0
github.com/zoobzio/astql/providers/opensearch/schema.go:366.33,367.18 1 0
github.com/zoobzio/astql/providers/opensearch/schema.go:368.45,369.18 1 1
github.com/zoobzio/astql/providers/opensearch/schema.go:370.30,371.18 1 1
github.com/zoobzio/astql/providers/opensearch/schema.go:372.42,373.18 1 1
github.com/zoobzio/astql/providers/opensearch/schema.go:374.26,375.20 1 1
github.com/zoobzio/astql/providers/opensearch/schema.go:376.12,377.18 1 1
github.com/zoobzio/astql/providers/opensearch/schema.go:378.23,379.22 1 0
github.com/zoobzio/astql/providers/opensearch/schema.go:380.21,381.25 1 0
github.com/zoobzio/astql/providers/opensearch/schema.go:382.10,383.18 1 0
github.com/zoobzio/astql/providers/opensearch/schema.go:387.49,388.30 1 1
github.com/zoobzio/astql/providers/opensearch/schema.go:389.28,390.20 1 0
github.com/zoobzio/astql/providers/opensearch/schema.go:391.10,392.19 1 1
github.com/zoobzio/astql/providers/opensearch/schema.go:396.50,397.35 1 1
github.com/zoobzio/astql/providers/opensearch/schema.go:398.18,399.26 1 0
github.com/zoobzio/astql/providers/opensearch/schema.go:400.16,401.24 1 0
github.com/zoobzio/astql/providers/opensearch/schema.go:402.20,403.28 1 0
github.com/zoobzio/astql/providers/opensearch/schema.go:404.17,405.25 1 0
github.com/zoobzio/astql/providers/opensearch/schema.go:406.17,407.25 1 1
github.com/zoobzio/astql/providers/opensearch/schema.go:408.10,409.26 1 0
github.com/zoobzio/astql/providers/opensearch/schema.go:413.39,414.25 1 1
github.com/zoobzio/astql/providers/opensearch/schema.go:415.11,416.19 1 1
github.com/zoobzio/astql/providers/opensearch/schema.go:417.15,418.24 1 0
github.com/zoobzio/astql/providers/opensearch/schema.go:419.13,420.24 1 0
github.com/zoobzio/astql/providers/opensearch/schema.go:421.10,422.18 1 0
github.com/zoobzio/astql/providers/opensearch/schema.go:426.47,427.25 1 1
github.com/zoobzio/astql/providers/opensearch/schema.go:428.15,429.19 1 1
github.com/zoobzio/astql/providers/opensearch/schema.go:430.11,431.28 1 0
github.com/zoobzio/astql/providers/opensearch/schema.go:432.13,433.28 1 0
github.com/zoobzio/astql/providers/opensearch/schema.go:434.10,435.18 1 0
github.com/zoobzio/astql/providers/opensearch/types.go:86.43,90.2 1 1
github.com/zoobzio/astql/providers/opensearch/types.go:93.34,95.48 1 1
github.com/zoobzio/astql/providers/opensearch/types.go:95.48,97.3 1 1
github.com/zoobzio/astql/providers/opensearch/types.go:102.2,102.12 1 1
